truffle migrate --reset	--network local
Using network 'local'.

Running migration: 1_initial_migration.js
  Replacing Migrations...
  ... 0x64cb5241183afe79dab04a03ac7787092c1b7d9b0c086b062db2bad42324c3f7
  Migrations: 0x84e1c599c39b5b75e4ce5ee0571e72a8173becd4
Saving successful migration to network...
  ... 0x5271101cdebd5dd755149e285695947cd819feefaf44a19443a20ba4d1240d53
Saving artifacts...
Running migration: 2_deploy_contracts.js
  Replacing EternalStorage...
  ... 0xb17760d151ee295f9b0fec5553bee8a77e5bafbb4fc3f9be37bbf4413fa8c3ab
  EternalStorage: 0x5562674538823b3503d10e10aec26f7faffb2bd2
  Replacing KeepToken...
  ... 0x5bb7aaf467e899f0e6c7488f16fc93585419b4a431f5de2dcd4ca37c4bd7dee8
  KeepToken: 0xf382d3958cdd35851474be49dbd37613f538e322
  Replacing StakingProxy...
  ... 0x5a69f7c1a33d097e7c5b4355cca558cb1aa9dc2690fe28136b3895db9f4938ca
  StakingProxy: 0x27c973f2e60a40e235310880302ebff252d312ac
  Replacing TokenStaking...
  ... 0x665c07ab455bb80240618d676f1fee5bd3cd0950ac0334133652f867b188584d
  TokenStaking: 0x11b07f1846851b475551c27e447c05472da18868
  Replacing TokenGrant...
  ... 0x430ad7bfdbb127a4ea1b23df20afc2f38a91f1b818e2031b85a9795761d917b7
  TokenGrant: 0xb572e62d34d58dc4f97b646f37e8d539e751c636
  Replacing KeepRandomBeaconImplV1...
  ... 0xf17a322705847e8ab3dc5a64308170cbe4be1d3ecf3a05cad358af8e1a10ea9a
  KeepRandomBeaconImplV1: 0x4a86c04e9ede962032679a040aaca2641ec269fd
  Replacing KeepRandomBeacon...
  ... 0x9c729faf749787e724854d2e0d30a3f06432fd090a3e40a6017742daeea813dd
  KeepRandomBeacon: 0xccabaacef7b6f5728a7f1b3f01ded087d42100b7
  Deploying KeepGroupImplV1...
  ... 0x8aedef7eee71bf4698998b977ffe66078548cf4167716c49a9df2c4491e05f18
  KeepGroupImplV1: 0x2fa97a3c638c67d950e2cdff56876d01e62cd024
  Deploying KeepGroup...
  ... 0x5bf0700b64eca8ec3ac4b054401e9e9c621f338d082e279cdefd8cd260904157
  KeepGroup: 0xb7b94d0a9c1d475809e44a44daa779cacde79791
Saving successful migration to network...
  ... 0xb82827da3a4850dda6ff261a279204e44432c6c4c769abd10d6a820c84f79118
Saving artifacts...

